<?xml version="1.0" encoding="UTF-8"?>
<!-- Generated by org.testng.reporters.JUnitReportReporter -->
<testsuite hostname="DESKTOP-24HNAOI" failures="0" tests="8" name="AlmosaferAutomatedTesting" time="4.224" errors="0" timestamp="2025-05-24T23:27:56 EET" skipped="5">
  <testcase classname="AlmosaferAutomatedTesting" name="SelectCountry" time="4.069"/>
  <system-out/>
  <testcase classname="AlmosaferAutomatedTesting" name="FlightDepatureDate" time="0.122"/>
  <system-out/>
  <testcase classname="AlmosaferAutomatedTesting" name="FlightArrivalDate" time="0.033"/>
  <system-out/>
  <testcase classname="AlmosaferAutomatedTesting" name="HotelSearchTabIsNotSelectedByDefault">
    <skipped/>
  </testcase> <!-- HotelSearchTabIsNotSelectedByDefault -->
  <system-out/>
  <testcase classname="AlmosaferAutomatedTesting" name="VerifyQitafLogoInFooter">
    <skipped/>
  </testcase> <!-- VerifyQitafLogoInFooter -->
  <system-out/>
  <testcase classname="AlmosaferAutomatedTesting" name="CheckLanguage">
    <skipped/>
  </testcase> <!-- CheckLanguage -->
  <system-out/>
  <testcase classname="AlmosaferAutomatedTesting" name="CheckCurrency">
    <skipped/>
  </testcase> <!-- CheckCurrency -->
  <system-out/>
  <testcase classname="AlmosaferAutomatedTesting" name="CheckContactNumber">
    <skipped/>
  </testcase> <!-- CheckContactNumber -->
  <system-out/>
</testsuite> <!-- AlmosaferAutomatedTesting -->
