<?xml version="1.0" encoding="UTF-8"?>
<!-- Generated by org.testng.reporters.JUnitReportReporter -->
<testsuite hostname="DESKTOP-24HNAOI" failures="0" tests="6" name="AlmosaferAutomatedTesting" time="2.779" errors="0" timestamp="2025-05-17T14:15:00 EET" skipped="1">
  <testcase classname="AlmosaferAutomatedTesting" name="SelectCountry" time="2.587"/>
  <system-out/>
  <testcase classname="AlmosaferAutomatedTesting" name="CheckCurrency" time="0.094"/>
  <system-out/>
  <testcase classname="AlmosaferAutomatedTesting" name="CheckContactNumber" time="0.026"/>
  <system-out/>
  <testcase classname="AlmosaferAutomatedTesting" name="VerifyQitafLogoInFooter" time="0.052"/>
  <system-out/>
  <testcase classname="AlmosaferAutomatedTesting" name="HotelSearchTabIsNotSelectedByDefault" time="0.020"/>
  <system-out/>
  <testcase classname="AlmosaferAutomatedTesting" name="CheckLanguage">
    <skipped/>
  </testcase> <!-- CheckLanguage -->
  <system-out/>
</testsuite> <!-- AlmosaferAutomatedTesting -->
