<?xml version="1.0" encoding="UTF-8"?>
<!-- Generated by org.testng.reporters.JUnitReportReporter -->
<testsuite hostname="DESKTOP-24HNAOI" failures="0" tests="12" name="AlmosaferAutomatedTesting" time="65.087" errors="0" timestamp="2025-05-26T22:39:51 EET" skipped="7">
  <testcase classname="AlmosaferAutomatedTesting" name="SelectCountry" time="4.478"/>
  <system-out/>
  <testcase classname="AlmosaferAutomatedTesting" name="RandomLanguage" time="5.928"/>
  <system-out/>
  <testcase classname="AlmosaferAutomatedTesting" name="SwitchToHotelTab" time="6.985"/>
  <system-out/>
  <testcase classname="AlmosaferAutomatedTesting" name="SelectRoom" time="47.236"/>
  <system-out/>
  <testcase classname="AlmosaferAutomatedTesting" name="CheckTheFinalResultIsRetrived" time="0.460"/>
  <system-out/>
  <testcase classname="AlmosaferAutomatedTesting" name="FlightArrivalDate">
    <skipped/>
  </testcase> <!-- FlightArrivalDate -->
  <system-out/>
  <testcase classname="AlmosaferAutomatedTesting" name="HotelSearchTabIsNotSelectedByDefault">
    <skipped/>
  </testcase> <!-- HotelSearchTabIsNotSelectedByDefault -->
  <system-out/>
  <testcase classname="AlmosaferAutomatedTesting" name="FlightDepatureDate">
    <skipped/>
  </testcase> <!-- FlightDepatureDate -->
  <system-out/>
  <testcase classname="AlmosaferAutomatedTesting" name="VerifyQitafLogoInFooter">
    <skipped/>
  </testcase> <!-- VerifyQitafLogoInFooter -->
  <system-out/>
  <testcase classname="AlmosaferAutomatedTesting" name="CheckLanguage">
    <skipped/>
  </testcase> <!-- CheckLanguage -->
  <system-out/>
  <testcase classname="AlmosaferAutomatedTesting" name="CheckCurrency">
    <skipped/>
  </testcase> <!-- CheckCurrency -->
  <system-out/>
  <testcase classname="AlmosaferAutomatedTesting" name="CheckContactNumber">
    <skipped/>
  </testcase> <!-- CheckContactNumber -->
  <system-out/>
</testsuite> <!-- AlmosaferAutomatedTesting -->
