<?xml version="1.0" encoding="UTF-8"?>
<!-- Generated by org.testng.reporters.JUnitReportReporter -->
<testsuite hostname="DESKTOP-24HNAOI" failures="0" tests="12" name="AlmosaferAutomatedTesting" time="57.821" errors="0" timestamp="2025-05-27T08:48:35 EET" skipped="7">
  <testcase classname="AlmosaferAutomatedTesting" name="SelectCountry" time="1.787"/>
  <system-out/>
  <testcase classname="AlmosaferAutomatedTesting" name="RandomLanguage" time="1.246"/>
  <system-out/>
  <testcase classname="AlmosaferAutomatedTesting" name="SwitchToHotelTab" time="3.109"/>
  <system-out/>
  <testcase classname="AlmosaferAutomatedTesting" name="SelectRoom" time="51.501"/>
  <system-out/>
  <testcase classname="AlmosaferAutomatedTesting" name="CheckTheFinalResultIsRetrived" time="0.178"/>
  <system-out/>
  <testcase classname="AlmosaferAutomatedTesting" name="FlightArrivalDate">
    <skipped/>
  </testcase> <!-- FlightArrivalDate -->
  <system-out/>
  <testcase classname="AlmosaferAutomatedTesting" name="HotelSearchTabIsNotSelectedByDefault">
    <skipped/>
  </testcase> <!-- HotelSearchTabIsNotSelectedByDefault -->
  <system-out/>
  <testcase classname="AlmosaferAutomatedTesting" name="FlightDepatureDate">
    <skipped/>
  </testcase> <!-- FlightDepatureDate -->
  <system-out/>
  <testcase classname="AlmosaferAutomatedTesting" name="VerifyQitafLogoInFooter">
    <skipped/>
  </testcase> <!-- VerifyQitafLogoInFooter -->
  <system-out/>
  <testcase classname="AlmosaferAutomatedTesting" name="CheckLanguage">
    <skipped/>
  </testcase> <!-- CheckLanguage -->
  <system-out/>
  <testcase classname="AlmosaferAutomatedTesting" name="CheckCurrency">
    <skipped/>
  </testcase> <!-- CheckCurrency -->
  <system-out/>
  <testcase classname="AlmosaferAutomatedTesting" name="CheckContactNumber">
    <skipped/>
  </testcase> <!-- CheckContactNumber -->
  <system-out/>
</testsuite> <!-- AlmosaferAutomatedTesting -->
